ampl: reset; model "oblig3-B/mtz.mod";data "oblig3-B/NorwayTSP_Data.dat";solve;   
Error at _cmdno 3 executing "display" command
(file oblig3-B/mtz.mod, line 26, offset 897):
error processing set Nodes:
        no value for N
Gurobi 8.1.0: timelim=3600
outlev=1
Optimize a model with 10712 rows, 10608 columns and 52326 nonzeros
Variable types: 102 continuous, 10506 integer (10506 binary)
Coefficient statistics:
  Matrix range     [1e+00, 1e+02]
  Objective range  [1e+00, 6e+01]
  Bounds range     [1e+00, 1e+00]
  RHS range        [1e+00, 1e+02]
Presolve time: 0.10s
Presolved: 10712 rows, 10608 columns, 52326 nonzeros
Variable types: 102 continuous, 10506 integer (10506 binary)

Root relaxation: objective 7.275780e+02, 385 iterations, 0.03 seconds

    Nodes    |    Current Node    |     Objective Bounds      |     Work
 Expl Unexpl |  Obj  Depth IntInf | Incumbent    BestBd   Gap | It/Node Time

     0     0  727.57802    0  186          -  727.57802      -     -    0s
H    0     0                    2702.5559489  727.57802  73.1%     -    0s
H    0     0                    2448.2198659  727.57802  70.3%     -    0s
     0     0  782.65904    0  210 2448.21987  782.65904  68.0%     -    0s
     0     0  783.25087    0  204 2448.21987  783.25087  68.0%     -    0s
     0     0  783.43609    0  203 2448.21987  783.43609  68.0%     -    0s
     0     0  783.43609    0  203 2448.21987  783.43609  68.0%     -    0s
     0     0  783.83326    0  206 2448.21987  783.83326  68.0%     -    1s
     0     0  784.32053    0  197 2448.21987  784.32053  68.0%     -    1s
     0     0  784.32053    0  197 2448.21987  784.32053  68.0%     -    1s
     0     0  784.32053    0  197 2448.21987  784.32053  68.0%     -    1s
     0     0  784.32053    0  197 2448.21987  784.32053  68.0%     -    1s
     0     0  784.33621    0  211 2448.21987  784.33621  68.0%     -    1s
     0     0  784.63677    0  210 2448.21987  784.63677  68.0%     -    1s
     0     0  784.63677    0  210 2448.21987  784.63677  68.0%     -    1s
     0     0  784.76280    0  208 2448.21987  784.76280  67.9%     -    1s
     0     0  784.78814    0  210 2448.21987  784.78814  67.9%     -    1s
     0     0  784.78814    0  210 2448.21987  784.78814  67.9%     -    1s
     0     0  784.78814    0  210 2448.21987  784.78814  67.9%     -    1s
H    0     0                     922.3392662  784.78814  14.9%     -    1s
     0     0  785.05825    0  215  922.33927  785.05825  14.9%     -    1s
     0     0  785.05825    0  215  922.33927  785.05825  14.9%     -    2s
     0     0  785.05825    0  214  922.33927  785.05825  14.9%     -    2s
     0     0  785.70321    0  217  922.33927  785.70321  14.8%     -    2s
     0     0  785.70321    0  217  922.33927  785.70321  14.8%     -    2s
     0     0  785.70321    0  217  922.33927  785.70321  14.8%     -    2s
     0     0  786.15950    0  209  922.33927  786.15950  14.8%     -    2s
     0     0  786.18246    0  219  922.33927  786.18246  14.8%     -    2s
     0     0  786.18246    0  219  922.33927  786.18246  14.8%     -    2s
     0     0  786.18246    0  219  922.33927  786.18246  14.8%     -    2s
     0     0  786.18246    0  219  922.33927  786.18246  14.8%     -    2s
     0     0  786.18246    0  219  922.33927  786.18246  14.8%     -    2s
     0     0  786.18246    0  219  922.33927  786.18246  14.8%     -    2s
     0     0  786.18246    0  190  922.33927  786.18246  14.8%     -    2s
     0     0  786.18246    0  190  922.33927  786.18246  14.8%     -    2s
     0     0  786.18246    0  190  922.33927  786.18246  14.8%     -    2s
     0     0  786.18246    0  190  922.33927  786.18246  14.8%     -    3s
     0     2  786.18246    0  190  922.33927  786.18246  14.8%     -    3s
H   31    32                     881.5367590  788.50346  10.6%  14.1    4s
H   34    35                     874.2108009  788.55883  9.80%  13.6    4s
   353   264  822.50651   72  176  874.21080  789.13767  9.73%   7.1    5s
  1062   746  834.96511   52  183  874.21080  790.59867  9.56%   9.8   10s
  1067   750  830.76985   17  206  874.21080  802.83105  8.17%   9.7   15s
  1075   755  818.08489   34  233  874.21080  807.84054  7.59%   9.7   20s
  1081   759  856.36239   64  197  874.21080  811.41501  7.18%   9.6   26s
  1088   764  813.54274    9  170  874.21080  813.54274  6.94%   9.5   30s
H 1092   727                     867.1190885  813.99265  6.13%   9.5   42s
H 1093   691                     866.9944229  813.99265  6.11%   9.5   42s
  1096   693  852.82433   29  191  866.99442  814.32334  6.08%   9.5   46s
  1098   694  814.39664    6  181  866.99442  814.39664  6.07%   9.5   51s
  1102   697  820.14074   36  194  866.99442  814.63138  6.04%   9.4   56s
  1104   698  836.36279   24  192  866.99442  814.69339  6.03%   9.4   62s
  1106   700  814.74201    3  193  866.99442  814.74201  6.03%   9.4   67s
  1108   701  842.95720   38  201  866.99442  814.83160  6.02%   9.4   70s
  1110   702  814.83160   11  188  866.99442  814.83160  6.02%   9.4   75s
  1114   706  858.74631   91  190  866.99442  814.83160  6.02%  15.3   81s
  1116   707  832.56864   85  183  866.99442  814.83160  6.02%  15.3   86s
  1123   712  839.12208   30  210  866.99442  814.83160  6.02%  15.2   90s
  1126   714  824.49586   72  178  866.99442  814.83160  6.02%  15.2   95s
  1129   716  819.27272   36  180  866.99442  814.83475  6.02%  15.1  101s
  1132   718  815.97833   54  201  866.99442  814.83475  6.02%  15.1  106s
  1135   720  818.08489   34  192  866.99442  814.83475  6.02%  15.1  111s
  1138   722  855.78940   23  181  866.99442  814.88466  6.01%  15.0  122s
  1178   748  815.96342   33  198  866.99442  815.70915  5.92%  19.2  125s
  1643  1000  818.94285   71  110  866.99442  815.72414  5.91%  22.9  130s
* 1715   978             120     866.9502115  815.72414  5.91%  22.4  130s
  2286  1204  857.36251   49   55  866.95021  815.96786  5.88%  20.2  135s
H 2844  1405                     866.8614190  816.16148  5.85%  23.3  149s
H 2846  1009                     855.9180748  816.16148  4.64%  23.3  149s
  2848  1003  845.33468   65  184  855.91807  816.16440  4.64%  23.3  150s
  3354  1262  850.56089   89  111  855.91807  816.48957  4.61%  22.2  155s
* 3367  1249             102     855.5915351  816.48957  4.57%  22.1  155s
  4280  1832  847.81407   86  167  855.59154  817.45169  4.46%  21.0  160s
  4817  2123  845.53791   52  185  855.59154  817.80601  4.42%  20.4  165s
  5611  2528  821.55351   37  228  855.59154  818.78671  4.30%  20.1  170s
H 5813  2567                     854.5917929  818.78671  4.19%  20.3  170s
  6320  2851  843.75845   41  178  854.59179  819.20588  4.14%  20.2  175s
* 6426  2882             147     854.2791315  819.33477  4.09%  20.1  175s
  7231  3272  820.81024   39  180  854.27913  819.79123  4.04%  19.8  180s
  7939  3612  853.09556   83   91  854.27913  820.28279  3.98%  20.3  186s
  8714  3962  833.12449   42   77  854.27913  820.99830  3.90%  20.2  190s
  9920  4471  846.46141   69  165  854.27913  821.72174  3.81%  20.6  196s
 10363  4648     cutoff   52       854.27913  822.21662  3.75%  20.6  203s
 10857  4866  845.72631   51  187  854.27913  822.52219  3.72%  20.5  206s
 11845  5323  849.71608   67   45  854.27913  823.35524  3.62%  20.6  211s
 12734  5697  843.34745   48  185  854.27913  823.95454  3.55%  21.1  215s
 13559  6010 infeasible   46       854.27913  824.31113  3.51%  21.4  220s
 14775  6483  838.46316   46   63  854.27913  825.08658  3.42%  21.9  227s
 15637  6882  847.07826   56   53  854.27913  825.34061  3.39%  22.1  232s
 16649  7335  830.52500   42   79  854.27913  825.77723  3.34%  22.1  236s
 17564  7690 infeasible   56       854.27913  826.50438  3.25%  22.1  241s
 18415  8067     cutoff   61       854.27913  826.90994  3.20%  22.3  245s
 19407  8532 infeasible   54       854.27913  827.49573  3.14%  22.2  257s
H19409  7919                     852.4713188  827.49573  2.93%  22.2  257s
 19823  8054  845.34334   50   58  852.47132  827.82787  2.89%  22.3  261s
 20653  8498  843.09598   85  190  852.47132  828.17158  2.85%  22.5  349s
 20655  8499  850.61124   50  184  852.47132  828.17158  2.85%  22.5  356s
 20663  8505  849.98326   54  210  852.47132  828.17158  2.85%  22.5  360s
 20666  8507  847.01381   50   86  852.47132  828.17158  2.85%  22.5  366s
 20668  8508  842.32546   45   80  852.47132  828.17158  2.85%  22.5  370s
 20669  8509  837.09832   43   83  852.47132  828.17158  2.85%  22.5  375s
 20673  8511  847.94226   47   88  852.47132  828.17158  2.85%  22.5  380s
 20674  8512  835.64438   46   78  852.47132  828.17158  2.85%  22.5  390s
 20675  8513  835.59684   43   84  852.47132  828.17158  2.85%  22.5  395s
 20676  8513  845.86019   40   76  852.47132  828.17158  2.85%  22.4  400s
 20677  8514  842.61335   42   88  852.47132  828.17158  2.85%  22.4  405s
 20678  8515  837.61934   48   78  852.47132  828.17158  2.85%  22.4  410s
 20679  8515  849.96454   57   89  852.47132  828.17158  2.85%  22.4  415s
 20680  8516  835.42327   67   78  852.47132  828.17158  2.85%  22.4  421s
 20681  8517  838.78434   67   78  852.47132  828.17158  2.85%  22.4  425s
 20682  8517  843.34757   43   78  852.47132  828.17158  2.85%  22.4  430s
 20684  8519  848.25529   51   88  852.47132  828.17158  2.85%  22.4  435s
H20684  8092                     851.4745722  828.17158  2.74%  22.4  447s
 20691  8096  834.43315   42  223  851.47457  828.17158  2.74%  22.4  454s
 20692  8097  837.14427   67   76  851.47457  828.17158  2.74%  22.4  460s
 20694  8098  843.90830   50   75  851.47457  828.17158  2.74%  22.4  469s
 20695  8099  842.78553   49   68  851.47457  828.17158  2.74%  22.4  474s
 20696  8100  841.04508   40  209  851.47457  828.17158  2.74%  22.4  480s
 20698  8101  845.29229   45  215  851.47457  828.17158  2.74%  22.4  485s
 20699  8102  828.58919   43  244  851.47457  828.17158  2.74%  22.4  490s
 20701  8103  851.47457   72  105  851.47457  828.17158  2.74%  22.4  495s
 20702  8104  845.76228   63  221  851.47457  828.17158  2.74%  22.4  507s
 20703  8104  841.82750   48  216  851.47457  828.17158  2.74%  22.4  512s
 20704  8105  850.13152   54  102  851.47457  828.17158  2.74%  22.4  518s
 20706  8106  841.14238   43  110  851.47457  828.17158  2.74%  22.4  525s
H20706  7700                     851.1427680  828.17158  2.70%  22.4  530s
 20707  7701  848.00147   72   95  851.14277  828.17158  2.70%  22.4  539s
 20708  7702  847.34935   72  119  851.14277  828.17158  2.70%  22.4  545s
 20712  7704  849.34657   49  122  851.14277  828.17158  2.70%  22.4  555s
 20713  7705  844.77281   54  110  851.14277  828.17158  2.70%  22.4  565s
 20714  7706  850.64787   65  119  851.14277  828.17158  2.70%  22.4  574s
 20715  7706  848.47433   49  115  851.14277  828.17158  2.70%  22.4  584s
 20716  7707  851.14277   52  123  851.14277  828.17158  2.70%  22.4  593s
 20717  7708  851.14277   64  112  851.14277  828.17158  2.70%  22.4  603s
 20718  7708  846.90837   47  115  851.14277  828.17158  2.70%  22.4  611s
 20719  7709  842.84598   46  114  851.14277  828.17158  2.70%  22.4  628s
 20721  7710  836.90367   39  232  851.14277  828.17158  2.70%  22.4  638s
 20722  7711  844.45974   44  119  851.14277  828.17158  2.70%  22.4  651s
 20723  7712  851.14277   66  231  851.14277  828.17158  2.70%  22.4  661s
 20724  7712  836.95276   75  119  851.14277  828.17158  2.70%  22.4  672s
 20726  7714  851.14277   58  124  851.14277  828.17158  2.70%  22.4  683s
 20727  7714  850.65203   59  222  851.14277  828.17158  2.70%  22.4  694s
 20730  7716  847.75635   82  228  851.14277  828.17158  2.70%  22.4  705s
 20731  7717  841.04541   47  220  851.14277  828.17158  2.70%  22.4  716s
 20737  7721  837.56850   40  235  851.14277  828.17158  2.70%  22.4  727s
 20738  7722  839.39639   50  233  851.14277  828.17158  2.70%  22.4  745s
 20742  7724  838.74246   41  244  851.14277  828.17158  2.70%  22.4  756s
 20743  7725  836.14435   71  241  851.14277  828.17158  2.70%  22.4  770s
 20746  7727  846.92524   37  244  851.14277  828.17158  2.70%  22.4  781s
 20747  7728  842.55277   46  198  851.14277  828.17158  2.70%  22.4  793s
 20751  7730  835.81102   43  224  851.14277  828.17158  2.70%  22.4  805s
H20751  7342                     851.0332547  828.17158  2.69%  22.4  817s
 20752  7343  836.27343   44   82  851.03325  828.17158  2.69%  22.4  824s
H20752  6974                     851.0332533  828.17158  2.69%  22.4  829s
 20753  6975  843.09598   85   93  851.03325  828.17158  2.69%  22.4  840s
 20754  6975  843.01161   43   88  851.03325  828.17158  2.69%  22.4  854s
 20757  6977  832.67163   41  238  851.03325  828.17158  2.69%  22.4  865s
H20757  6626                     850.1253006  828.17158  2.58%  22.4  883s
 20759  6628  849.57272   53  236  850.12530  828.17158  2.58%  22.4  894s
 20760  6628  848.75414   73  139  850.12530  828.17158  2.58%  22.4  907s
 20762  6630  836.97553   57  134  850.12530  828.17158  2.58%  22.4  917s
 20763  6630  849.98326   54  248  850.12530  828.17158  2.58%  22.4  931s
 20764  6631  830.53428   43  247  850.12530  828.17158  2.58%  22.4  943s
 20765  6632  850.12530   68  249  850.12530  828.17158  2.58%  22.4  960s
 20766  6632  847.01381   50  248  850.12530  828.17158  2.58%  22.4  971s
 20767  6633  839.56428   42  241  850.12530  828.17158  2.58%  22.4  984s
 20768  6634  842.32546   45  254  850.12530  828.17158  2.58%  22.4  998s
 20769  6634  837.09832   43  243  850.12530  828.17158  2.58%  22.3 1011s
 20772  6636  850.12530   59  258  850.12530  828.17158  2.58%  22.3 1026s
 20773  6637  847.94226   47  255  850.12530  828.17158  2.58%  22.3 1046s
 20774  6638  835.64438   46  258  850.12530  828.17158  2.58%  22.3 1056s
 20775  6638  835.59684   43  241  850.12530  828.17158  2.58%  22.3 1070s
 20776  6639  845.86019   40  252  850.12530  828.17158  2.58%  22.3 1082s
 20777  6640  842.61335   42  228  850.12530  828.17158  2.58%  22.3 1095s
 20778  6640  837.61934   48  239  850.12530  828.17158  2.58%  22.3 1106s
 20779  6641  849.96454   57  251  850.12530  828.17158  2.58%  22.3 1119s
 20780  6642  835.42327   67  252  850.12530  828.17158  2.58%  22.3 1130s
 20781  6642  838.78434   67  241  850.12530  828.17158  2.58%  22.3 1142s
 20782  6643  843.34757   43  245  850.12530  828.17158  2.58%  22.3 1153s
 20783  6644  844.35889   67  252  850.12530  828.17158  2.58%  22.3 1166s
 20784  6644  848.25529   51  247  850.12530  828.17158  2.58%  22.3 1182s
 20785  6645  850.12530   48  238  850.12530  828.17158  2.58%  22.3 1196s
 20786  6646  836.82738   42  255  850.12530  828.17158  2.58%  22.3 1205s
 20787  6646  846.78601   68  139  850.12530  828.17158  2.58%  22.3 1218s
 20788  6647  835.06481   45  252  850.12530  828.17158  2.58%  22.3 1231s
 20789  6648  831.90731   53  238  850.12530  828.17158  2.58%  22.3 1244s
 20790  6648  842.04542   48  240  850.12530  828.17158  2.58%  22.3 1256s
 20791  6649  834.43315   42  252  850.12530  828.17158  2.58%  22.3 1269s
 20793  6650  848.12167   43  235  850.12530  828.17158  2.58%  22.3 1284s
 20794  6651  843.90830   50  239  850.12530  828.17158  2.58%  22.3 1298s
 20796  6652  841.04508   40  256  850.12530  828.17158  2.58%  22.3 1311s
 20797  6653  849.32467   45  236  850.12530  828.17158  2.58%  22.3 1326s
 20798  6654  845.29229   45  236  850.12530  828.17158  2.58%  22.3 1340s
 20799  6654  828.58919   43  237  850.12530  828.17158  2.58%  22.3 1351s
 20800  6655  849.01476   59  238  850.12530  828.17158  2.58%  22.3 1362s
 20801  6656  850.12530   72   87  850.12530  828.17158  2.58%  22.3 1377s
 20803  6657  841.82750   48  241  850.12530  828.17158  2.58%  22.3 1386s
 20804  6658  850.12530   54  118  850.12530  828.17158  2.58%  22.3 1401s
 20806  6659  841.14238   43  119  850.12530  828.17158  2.58%  22.3 1411s
 20807  6660  848.00147   72  226  850.12530  828.17158  2.58%  22.3 1422s
 20808  6660  847.34935   72  231  850.12530  828.17158  2.58%  22.3 1435s
 20809  6661  836.77373   47  116  850.12530  828.17158  2.58%  22.3 1448s
 20810  6662  833.59653   52  237  850.12530  828.17158  2.58%  22.3 1457s
 20811  6662  850.12530   58  230  850.12530  828.17158  2.58%  22.3 1470s
 20812  6663  849.34657   49  232  850.12530  828.17158  2.58%  22.3 1481s
 20813  6664  844.77281   54  221  850.12530  828.17158  2.58%  22.3 1495s
 20818  6667  846.90837   47  256  850.12530  828.17158  2.58%  22.3 1507s
 20819  6668  842.84598   46  100  850.12530  828.17158  2.58%  22.3 1519s
 20820  6668  850.12530   48  252  850.12530  828.17158  2.58%  22.3 1530s
 20821  6669  836.90367   39  235  850.12530  828.17158  2.58%  22.3 1544s
 20822  6670  844.45974   44  236  850.12530  828.17158  2.58%  22.3 1555s
 20823  6670  850.12530   66  232  850.12530  828.17158  2.58%  22.3 1569s
 20824  6671  836.95276   75  244  850.12530  828.17158  2.58%  22.3 1580s
 20825  6672  849.90722   50  243  850.12530  828.17158  2.58%  22.3 1597s
H20825  6336                     841.5380063  828.17158  1.59%  22.3 1604s
 20826  6336  841.53801   58  247  841.53801  828.17158  1.59%  22.3 1608s
 20827  6337  841.53801   59  263  841.53801  828.17158  1.59%  22.3 1613s
 20829  6340  841.53801   54  190  841.53801  828.17158  1.59%  23.1 1616s
 20831  6341  841.04541   47  185  841.53801  828.17158  1.59%  23.1 1620s
 20840  6347  841.53801   53  193  841.53801  828.17158  1.59%  23.1 1627s
 20841  6348  834.16117   46  205  841.53801  828.17158  1.59%  23.1 1630s
 20844  6350  834.03369   38  205  841.53801  828.17158  1.59%  23.1 1637s
 20845  6351  841.53801   51  228  841.53801  828.17158  1.59%  23.1 1649s
 20848  6353  832.65474   41  230  841.53801  828.17158  1.59%  23.1 1652s
 20849  6353  832.03828   40  228  841.53801  828.17158  1.59%  23.1 1656s
 20852  6355  836.27343   44  233  841.53801  828.17158  1.59%  23.1 1662s
 20853  6356  841.53801   85  234  841.53801  828.17158  1.59%  23.1 1665s
 20855  6357  841.53801   50  231  841.53801  828.17158  1.59%  23.1 1671s
 20857  6359  832.67163   41  242  841.53801  828.17158  1.59%  23.1 1677s
 20858  6359  839.39749   42  231  841.53801  828.17158  1.59%  23.1 1680s
 20860  6361  841.53801   73  234  841.53801  828.17158  1.59%  23.0 1687s
 20861  6361  841.53801   44  235  841.53801  828.17158  1.59%  23.0 1690s
 20862  6362  836.97553   57  243  841.53801  828.17158  1.59%  23.0 1696s
 20864  6363  830.53428   43  242  841.53801  828.17158  1.59%  23.0 1703s
 20865  6367  828.17158   49  240  841.53801  828.17158  1.59%  23.2 1710s
 20867  6369  828.68725   50  232  841.53801  828.56384  1.54%  23.2 1718s
 20883  6378  829.89383   53  206  841.53801  829.69012  1.41%  23.3 1720s
 20914  6394  829.91709   57  189  841.53801  829.91008  1.38%  23.3 1728s
 20994  6441  833.24264   66  189  841.53801  830.08047  1.36%  23.4 1730s
 21487  6541  834.63828   67  189  841.53801  830.27933  1.34%  23.3 1735s
 22114  6710  838.76409   98  129  841.53801  830.36070  1.33%  23.2 1740s
 22752  6929  832.50998   91  185  841.53801  830.55190  1.31%  23.1 1745s
 23484  7168  831.69570   81  196  841.53801  830.71635  1.29%  23.0 1750s
 24497  7442  832.18073  116  199  841.53801  830.81430  1.27%  22.8 1755s
 25527  7706  832.49494  124  200  841.53801  830.86134  1.27%  22.5 1760s
 26361  7919  834.18392   77   73  841.53801  830.97991  1.25%  22.4 1765s
 27495  8230     cutoff   77       841.53801  831.06372  1.24%  22.1 1771s
 28137  8394  833.22449  110   95  841.53801  831.10263  1.24%  22.1 1775s
 29019  8656  836.18819   71   87  841.53801  831.13948  1.24%  21.9 1780s
 30151  8942  835.21442   68   48  841.53801  831.17718  1.23%  21.6 1785s
 31157  9179  837.22958   92  153  841.53801  831.21768  1.23%  21.5 1794s
 31689  9305  839.37828   78  161  841.53801  831.24830  1.22%  21.5 1796s
 32551  9482     cutoff   77       841.53801  831.30695  1.22%  21.3 1801s
 33710  9703  839.37667   67  158  841.53801  831.36674  1.21%  21.1 1806s
H34302  9548                     841.5380014  831.38231  1.21%  21.1 1809s
 34367  9556  838.72045   91   97  841.53800  831.38231  1.21%  21.1 1813s
 34559  9573  836.60339   67  191  841.53800  831.40497  1.20%  21.0 1816s
 35539  9739  840.88634   75  169  841.53800  831.44208  1.20%  20.9 1821s
 36717  9871  834.70363   71   51  841.53800  831.51975  1.19%  20.8 1826s
 37828 10053  840.44284   63  190  841.53800  831.56872  1.18%  20.7 1832s
 39059 10249  831.71024   63   67  841.53800  831.62823  1.18%  20.6 1837s
 40152 10726  837.55846   67   53  841.53800  831.69218  1.17%  20.5 1842s
 41205 11299  835.85395   70   36  841.53800  831.73332  1.17%  20.4 1847s
 41783 11580  834.37129   67   78  841.53800  831.75810  1.16%  20.3 1854s
 42405 11879  836.05686   93   28  841.53800  831.78123  1.16%  20.3 1858s
 43032 12217  837.53493   92   99  841.53800  831.81199  1.16%  20.2 1861s
 44401 12897  835.48833   94   44  841.53800  831.86673  1.15%  19.9 1866s
 45717 13616  834.00509   72  129  841.53800  831.89400  1.15%  19.8 1871s
 46876 14194  834.50757   63  193  841.53800  831.92152  1.14%  19.6 1876s
 48146 14775  832.49909   65   44  841.53800  831.96072  1.14%  19.4 1882s
 49304 15306  840.57426   66  197  841.53800  832.00128  1.13%  19.3 1886s
 50437 15774  834.18176   62   43  841.53800  832.04768  1.13%  19.2 1890s
 52104 16563  834.81258  104   81  841.53800  832.08730  1.12%  19.1 1900s
 53588 17255  833.45647   72   54  841.53800  832.13829  1.12%  19.0 1905s
 54995 17863 infeasible   74       841.53800  832.17792  1.11%  18.9 1910s
 56575 18595  839.15706   66   59  841.53800  832.22751  1.11%  18.8 1915s
 58201 19285     cutoff   87       841.53800  832.26464  1.10%  18.7 1921s
 59844 19961  835.52837   67   38  841.53800  832.30220  1.10%  18.5 1926s
 61369 20557  839.33929   65   83  841.53800  832.35413  1.09%  18.5 1931s
 62459 21096  836.59301   67   60  841.53800  832.38719  1.09%  18.4 1938s
 62970 21281  836.63345   75   72  841.53800  832.39796  1.09%  18.4 1940s
 64524 21928  839.48926   60   78  841.53800  832.44471  1.08%  18.2 1945s
 65902 22548  840.74317   65  184  841.53800  832.48432  1.08%  18.2 1950s
 66842 22933  841.09600   74   60  841.53800  832.50365  1.07%  18.2 1955s
 67759 23285  835.49795   64  177  841.53800  832.52644  1.07%  18.1 1960s
 68992 23801 infeasible   88       841.53800  832.56213  1.07%  18.2 1965s
 70263 24331  837.09270   69   71  841.53800  832.59413  1.06%  18.2 1970s
 71746 24965  836.63567   92   87  841.53800  832.63449  1.06%  18.1 1978s
 72447 25292  835.92718   77  202  841.53800  832.65612  1.06%  18.1 1981s
 72900 25504  833.06690   66  105  841.53800  832.66597  1.05%  18.1 1987s
 73843 25951  836.72964   71   70  841.53800  832.68642  1.05%  18.1 1990s
 74978 26377  833.79168   62  102  841.53800  832.72499  1.05%  18.1 1996s
 76277 26899  838.68829   69  190  841.53800  832.75117  1.04%  18.1 2001s
 77170 27262  833.81873   66   80  841.53800  832.77546  1.04%  18.1 2005s
 78711 27907  840.20201   67   94  841.53800  832.80490  1.04%  18.0 2011s
 79701 28319  834.08461   80   41  841.53800  832.82147  1.04%  18.0 2015s
 81131 28827  836.42645   71   90  841.53800  832.85707  1.03%  18.0 2020s
 82060 29196 infeasible   70       841.53800  832.86930  1.03%  18.0 2025s
H82518 29435                     841.5379887  832.87761  1.03%  18.0 2029s
H82519 28968                     840.9854763  832.87761  0.96%  18.0 2029s
 82523 28940  838.93020   62   88  840.98548  832.88122  0.96%  18.0 2031s
 83528 29348  839.99493   76   36  840.98548  832.90788  0.96%  18.0 2039s
 83957 29498  839.05693   84  194  840.98548  832.91812  0.96%  18.0 2041s
 84936 29861  834.20413   73   86  840.98548  832.95161  0.96%  18.0 2045s
 86395 30350  838.79043   72   82  840.98548  832.99060  0.95%  18.0 2051s
 87352 30652 infeasible   69       840.98548  833.01878  0.95%  18.0 2055s
 88745 31072  836.45301   73  190  840.98548  833.06477  0.94%  18.1 2061s
 89640 31336  838.00989   71  121  840.98548  833.09722  0.94%  18.1 2065s
 91155 31782     cutoff   72       840.98548  833.14354  0.93%  18.1 2071s
 92196 32084  839.82831   76   54  840.98548  833.17821  0.93%  18.1 2075s
 93239 32440  840.18053   68   95  840.98548  833.20624  0.93%  18.1 2080s
 93798 32624  833.68421   64  211  840.98548  833.21852  0.92%  18.1 2086s
 94756 32836  840.31569   72  191  840.98548  833.24505  0.92%  18.1 2091s
 95469 32988 infeasible   69       840.98548  833.27129  0.92%  18.1 2096s
 96386 33201  834.19723   59  235  840.98548  833.30095  0.91%  18.2 2100s
 97621 33520  836.59050   75   71  840.98548  833.32765  0.91%  18.2 2106s
 98893 33678     cutoff   79       840.98548  833.36715  0.91%  18.3 2111s
 99486 33720     cutoff   68       840.98548  833.37648  0.90%  18.3 2116s
 100296 33917  838.49260   80  227  840.98548  833.40130  0.90%  18.3 2120s
 101499 34052  838.55570   82   45  840.98548  833.44447  0.90%  18.4 2125s
 102299 34120     cutoff   70       840.98548  833.48406  0.89%  18.5 2130s
 103337 34225     cutoff   69       840.98548  833.52804  0.89%  18.5 2135s
 104169 34269     cutoff   64       840.98548  833.56738  0.88%  18.6 2143s
 104616 34294     cutoff   76       840.98548  833.58773  0.88%  18.6 2145s
 105977 34444     cutoff   78       840.98548  833.63766  0.87%  18.7 2150s
 107305 34582  835.27204   68  101  840.98548  833.69831  0.87%  18.7 2156s
 108453 34635     cutoff   67       840.98548  833.74476  0.86%  18.8 2161s
 109328 34742     cutoff   65       840.98548  833.78213  0.86%  18.8 2166s
 110182 34782     cutoff   76       840.98548  833.82287  0.85%  18.9 2170s
 111314 34777     cutoff   70       840.98548  833.86303  0.85%  18.9 2176s
 112289 34888     cutoff   62       840.98548  833.89240  0.84%  19.0 2180s
 113595 34981     cutoff   67       840.98548  833.93419  0.84%  19.0 2187s
 114144 34943  834.82654   74  207  840.98548  833.95887  0.84%  19.0 2192s
 114591 34982     cutoff   67       840.98548  833.97231  0.83%  19.1 2199s
 115011 34993     cutoff   69       840.98548  833.98659  0.83%  19.1 2201s
 115908 35096  835.32719   71   81  840.98548  834.01605  0.83%  19.1 2206s
 116699 35111     cutoff   75       840.98548  834.04518  0.83%  19.2 2211s
 117477 35136     cutoff   71       840.98548  834.06991  0.82%  19.2 2215s
 118309 35175  835.34340   62  203  840.98548  834.10209  0.82%  19.2 2220s
 119501 35187     cutoff   77       840.98548  834.15020  0.81%  19.3 2226s
 120275 35224  835.76187   69  127  840.98548  834.17764  0.81%  19.3 2232s
 120894 35241 infeasible   66       840.98548  834.20270  0.81%  19.3 2239s
 121091 35183     cutoff   69       840.98548  834.20772  0.81%  19.4 2242s
 121826 35190     cutoff   82       840.98548  834.23067  0.80%  19.4 2245s
 122864 35167  834.70435   67   84  840.98548  834.27123  0.80%  19.4 2251s
 123618 35180  840.54577   74   39  840.98548  834.29836  0.80%  19.4 2255s
 124677 35118  839.41633   78  188  840.98548  834.33961  0.79%  19.5 2260s
 125402 35124     cutoff   85       840.98548  834.35919  0.79%  19.5 2269s
 125756 35091     cutoff   62       840.98548  834.37556  0.79%  19.6 2271s
 126777 35016     cutoff   73       840.98548  834.41251  0.78%  19.6 2276s
 127526 34982  838.35240   66   78  840.98548  834.43804  0.78%  19.6 2280s
 128436 34891  834.52622   63  207  840.98548  834.48103  0.77%  19.7 2286s
 129128 34856     cutoff   77       840.98548  834.51101  0.77%  19.7 2290s
 129986 34768  839.95343   61  205  840.98548  834.54461  0.77%  19.7 2295s
 131357 34620     cutoff   74       840.98548  834.59584  0.76%  19.8 2301s
 132259 34478     cutoff   71       840.98548  834.63636  0.75%  19.8 2305s
 133436 34336  836.09651   70   58  840.98548  834.67342  0.75%  19.9 2310s
 134361 34265     cutoff   80       840.98548  834.70430  0.75%  19.9 2316s
 135248 34136  839.23599   69   43  840.98548  834.74483  0.74%  19.9 2320s
 136557 34005     cutoff   74       840.98548  834.79269  0.74%  20.0 2326s
 137410 33885     cutoff   74       840.98548  834.82720  0.73%  20.0 2330s
 138482 33674     cutoff   75       840.98548  834.87718  0.73%  20.0 2335s
 139417 33600 infeasible   65       840.98548  834.91949  0.72%  20.1 2340s
 140487 33410     cutoff   73       840.98548  834.96797  0.72%  20.1 2345s
 141593 33219  837.39588   67  164  840.98548  835.01732  0.71%  20.2 2350s
 142720 32940     cutoff   68       840.98548  835.07048  0.70%  20.2 2355s
 143708 32731     cutoff   63       840.98548  835.11928  0.70%  20.2 2361s
 144249 32621  838.79946   70   66  840.98548  835.14408  0.69%  20.3 2365s
 144473 32590  835.69596   82   82  840.98548  835.15693  0.69%  20.3 2370s
 145520 32245     cutoff   78       840.98548  835.21394  0.69%  20.3 2377s
H145603 32248                     840.9854746  835.21408  0.69%  20.3 2377s
H145782 32207                     840.9854660  835.22788  0.68%  20.3 2379s
H145885 32208                     840.9854351  835.22845  0.68%  20.3 2379s
 145956 32138     cutoff   73       840.98544  835.23190  0.68%  20.3 2381s
 146718 31974  840.45430   73  102  840.98544  835.27202  0.68%  20.3 2385s
 147839 31660     cutoff   70       840.98544  835.33136  0.67%  20.4 2390s
 148777 31302     cutoff   79       840.98544  835.37885  0.67%  20.4 2395s
H149003 31229                     840.9854217  835.39225  0.67%  20.4 2396s
 149618 31032     cutoff   74       840.98542  835.42718  0.66%  20.4 2400s
 150264 30835     cutoff   70       840.98542  835.46252  0.66%  20.5 2405s
 151168 30583     cutoff   68       840.98542  835.50313  0.65%  20.5 2410s
 152043 30326  836.34640   74  189  840.98542  835.54891  0.65%  20.5 2415s
 152877 30080  840.39375   66   94  840.98542  835.59877  0.64%  20.5 2421s
 153485 29875     cutoff   71       840.98542  835.63044  0.64%  20.6 2425s
 154327 29603  836.20483   76   53  840.98542  835.67599  0.63%  20.6 2430s
H154420 29607                     840.9854144  835.67603  0.63%  20.6 2430s
 155120 29339     cutoff   68       840.98541  835.72774  0.63%  20.6 2435s
 155942 29076     cutoff   71       840.98541  835.77591  0.62%  20.6 2440s
 157075 28649     cutoff   70       840.98541  835.84148  0.61%  20.7 2445s
 157996 28286     cutoff   71       840.98541  835.89437  0.61%  20.7 2450s
 158793 27911     cutoff   63       840.98541  835.93786  0.60%  20.7 2455s
 159556 27628     cutoff   96       840.98541  835.98029  0.60%  20.7 2460s
 160328 27335     cutoff   72       840.98541  836.02512  0.59%  20.8 2465s
 161413 26900     cutoff   66       840.98541  836.09608  0.58%  20.8 2471s
 162206 26607     cutoff   73       840.98541  836.14614  0.58%  20.8 2475s
 163090 26215     cutoff   87       840.98541  836.19651  0.57%  20.8 2480s
 163927 25835     cutoff   81       840.98541  836.25104  0.56%  20.9 2485s
 164838 25459     cutoff   79       840.98541  836.30898  0.56%  20.9 2490s
 165678 25079     cutoff   70       840.98541  836.36132  0.55%  20.9 2496s
 166360 24764     cutoff   73       840.98541  836.40443  0.54%  20.9 2500s
 167115 24477  837.04428   68  110  840.98541  836.44836  0.54%  20.9 2505s
 167952 24118  837.02827   73   40  840.98541  836.50120  0.53%  21.0 2510s
 168626 23814  840.31503   64   95  840.98541  836.54405  0.53%  21.0 2515s
 169409 23537     cutoff   75       840.98541  836.58851  0.52%  21.0 2520s
 170451 23087     cutoff   92       840.98541  836.65705  0.51%  21.0 2525s
 171307 22628     cutoff   74       840.98541  836.70548  0.51%  21.1 2530s
 171949 22320     cutoff   85       840.98541  836.75063  0.50%  21.1 2535s
 172710 21931     cutoff   84       840.98541  836.80035  0.50%  21.1 2540s
 173267 21713     cutoff   74       840.98541  836.83199  0.49%  21.1 2546s
 173964 21434     cutoff   76       840.98541  836.87254  0.49%  21.1 2550s
 174820 20949     cutoff   81       840.98541  836.93806  0.48%  21.1 2555s
 174953 20877     cutoff   71       840.98541  836.94744  0.48%  21.1 2563s
 175428 20633     cutoff   85       840.98541  836.98052  0.48%  21.2 2565s
 176430 20189  838.52117   75   69  840.98541  837.04383  0.47%  21.2 2571s
 177231 19797  837.57690   63  210  840.98541  837.09441  0.46%  21.2 2575s
 178410 19154     cutoff   71       840.98541  837.17655  0.45%  21.2 2580s
 179408 18586     cutoff   63       840.98541  837.25681  0.44%  21.2 2585s
 180406 18032     cutoff   69       840.98541  837.32874  0.43%  21.2 2590s
 181302 17453     cutoff   71       840.98541  837.40613  0.43%  21.3 2595s
 182412 16722     cutoff   81       840.98541  837.50522  0.41%  21.3 2600s
 183205 16236     cutoff   76       840.98541  837.56549  0.41%  21.3 2605s
 184205 15491     cutoff   83       840.98541  837.66938  0.39%  21.3 2610s
 185205 14740     cutoff   64       840.98541  837.76988  0.38%  21.3 2615s
 186108 14173     cutoff   77       840.98541  837.85131  0.37%  21.4 2620s
 186571 13855     cutoff  105       840.98541  837.89275  0.37%  21.4 2625s
 187597 13107     cutoff   88       840.98541  838.00063  0.35%  21.4 2630s
 188483 12442     cutoff   90       840.98541  838.10069  0.34%  21.4 2635s
 188719 12277     cutoff   75       840.98541  838.12699  0.34%  21.4 2640s
 189386 11777  838.76693   73   87  840.98541  838.19388  0.33%  21.4 2645s
 190398 11070     cutoff   63       840.98541  838.31139  0.32%  21.4 2650s
 191429 10248     cutoff   80       840.98541  838.43333  0.30%  21.5 2655s
 192697  9250     cutoff   70       840.98541  838.58153  0.29%  21.5 2660s
 193911  8262     cutoff   86       840.98541  838.74183  0.27%  21.5 2665s
 194882  7423     cutoff   87       840.98541  838.87709  0.25%  21.5 2670s
 196105  6430  840.53904   71  106  840.98541  839.04828  0.23%  21.4 2675s
 197430  5257     cutoff   72       840.98541  839.26815  0.20%  21.4 2680s
 198760  4086     cutoff   82       840.98541  839.51804  0.17%  21.4 2685s
 199511  3415     cutoff   91       840.98541  839.67520  0.16%  21.4 2690s
 200533  2519     cutoff   76       840.98541  839.90730  0.13%  21.4 2695s
 201360  1770     cutoff   72       840.98541  840.12364  0.10%  21.3 2700s
 202312   852     cutoff   78       840.98541  840.49053  0.06%  21.3 2707s

Cutting planes:
  Learned: 38
  Gomory: 80
  Cover: 225
  Implied bound: 94
  Clique: 5
  MIR: 91
  StrongCG: 3
  Flow cover: 337
  Inf proof: 132
  Zero half: 65

Explored 203161 nodes (4316340 simplex iterations) in 2709.96 seconds
Thread count was 8 (of 8 available processors)

Solution count 10: 840.985 840.985 840.985 ... 850.125

Optimal solution found (tolerance 1.00e-04)
Best objective 8.409854763211e+02, best bound 8.409242312001e+02, gap 0.0073%
Optimize a model with 10712 rows, 10608 columns and 52326 nonzeros
Coefficient statistics:
  Matrix range     [1e+00, 1e+02]
  Objective range  [1e+00, 6e+01]
  Bounds range     [1e+00, 1e+00]
  RHS range        [1e+00, 1e+02]
Iteration    Objective       Primal Inf.    Dual Inf.      Time
       0    8.4098548e+02   3.800000e+01   0.000000e+00      0s
     154    8.4098548e+02   0.000000e+00   0.000000e+00      0s

Solved in 154 iterations and 0.06 seconds
Optimal objective  8.409854763e+02
Gurobi 8.1.0: optimal solution; objective 840.9854763
4316340 simplex iterations
203161 branch-and-cut nodes
plus 154 simplex iterations for intbasis